This file contains any messages produced by compilers while
running configure, to aid debugging if configure makes a mistake.

It was created by JMcmprsk configure 0.9.1, which was
generated by GNU Autoconf 2.69.  Invocation command line was

  $ ./configure 

## --------- ##
## Platform. ##
## --------- ##

hostname = s-149-142-227-95.resnet.ucla.edu
uname -m = x86_64
uname -r = 19.6.0
uname -s = Darwin
uname -v = Darwin Kernel Version 19.6.0: Sun Jul  5 00:43:10 PDT 2020; root:xnu-6153.141.1~9/RELEASE_X86_64

/usr/bin/uname -p = i386
/bin/uname -X     = unknown

/bin/arch              = unknown
/usr/bin/arch -k       = unknown
/usr/convex/getsysinfo = unknown
/usr/bin/hostinfo      = Mach kernel version:
	 Darwin Kernel Version 19.6.0: Sun Jul  5 00:43:10 PDT 2020; root:xnu-6153.141.1~9/RELEASE_X86_64
Kernel configured for up to 12 processors.
6 processors are physically available.
12 processors are logically available.
Processor type: x86_64h (Intel x86-64h Haswell)
Processors active: 0 1 2 3 4 5 6 7 8 9 10 11
Primary memory available: 16.00 gigabytes
Default processor set: 427 tasks, 2177 threads, 12 processors
Load average: 2.47, Mach factor: 9.51
/bin/machine           = unknown
/usr/bin/oslevel       = unknown
/bin/universe          = unknown

PATH: /usr/bin
PATH: /bin
PATH: /usr/sbin
PATH: /sbin
PATH: /usr/local/bin
PATH: /Library/TeX/texbin
PATH: /Library/Apple/usr/bin


## ----------- ##
## Core tests. ##
## ----------- ##

configure:1779: checking for gcc
configure:1795: found /usr/bin/gcc
configure:1806: result: gcc
configure:2035: checking for C compiler version
configure:2044: gcc --version >&5
Apple clang version 11.0.3 (clang-1103.0.32.29)
Target: x86_64-apple-darwin19.6.0
Thread model: posix
InstalledDir: /Library/Developer/CommandLineTools/usr/bin
Configured with: --prefix=/Library/Developer/CommandLineTools/usr --with-gxx-include-dir=/Library/Developer/CommandLineTools/SDKs/MacOSX.sdk/usr/include/c++/4.2.1
configure:2055: $? = 0
configure:2044: gcc -v >&5
Configured with: --prefix=/Library/Developer/CommandLineTools/usr --with-gxx-include-dir=/Library/Developer/CommandLineTools/SDKs/MacOSX.sdk/usr/include/c++/4.2.1
Apple clang version 11.0.3 (clang-1103.0.32.29)
Target: x86_64-apple-darwin19.6.0
Thread model: posix
InstalledDir: /Library/Developer/CommandLineTools/usr/bin
configure:2055: $? = 0
configure:2044: gcc -V >&5
clang: error: unsupported option '-V -Wno-objc-signed-char-bool-implicit-int-conversion'
clang: error: no input files
configure:2055: $? = 1
configure:2044: gcc -qversion >&5
clang: error: unknown argument '-qversion'; did you mean '--version'?
clang: error: no input files
configure:2055: $? = 1
configure:2075: checking whether the C compiler works
configure:2097: gcc    conftest.c  >&5
configure:2101: $? = 0
configure:2149: result: yes
configure:2152: checking for C compiler default output file name
configure:2154: result: a.out
configure:2160: checking for suffix of executables
configure:2167: gcc -o conftest    conftest.c  >&5
configure:2171: $? = 0
configure:2193: result: 
configure:2215: checking whether we are cross compiling
configure:2223: gcc -o conftest    conftest.c  >&5
configure:2227: $? = 0
configure:2234: ./conftest
configure:2238: $? = 0
configure:2253: result: no
configure:2258: checking for suffix of object files
configure:2280: gcc -c   conftest.c >&5
configure:2284: $? = 0
configure:2305: result: o
configure:2309: checking whether we are using the GNU C compiler
configure:2328: gcc -c   conftest.c >&5
configure:2328: $? = 0
configure:2337: result: yes
configure:2346: checking whether gcc accepts -g
configure:2366: gcc -c -g  conftest.c >&5
configure:2366: $? = 0
configure:2407: result: yes
configure:2424: checking for gcc option to accept ISO C89
configure:2487: gcc  -c -g -O2  conftest.c >&5
configure:2487: $? = 0
configure:2500: result: none needed
configure:2526: checking for gsl-config
configure:2544: found /usr/local/bin/gsl-config
configure:2556: result: /usr/local/bin/gsl-config
configure:2729: creating ./config.status

## ---------------------- ##
## Running config.status. ##
## ---------------------- ##

This file was extended by JMcmprsk config.status 0.9.1, which was
generated by GNU Autoconf 2.69.  Invocation command line was

  CONFIG_FILES    = 
  CONFIG_HEADERS  = 
  CONFIG_LINKS    = 
  CONFIG_COMMANDS = 
  $ ./config.status 

on s-149-142-227-95.resnet.ucla.edu

config.status:722: creating src/Makevars

## ---------------- ##
## Cache variables. ##
## ---------------- ##

ac_cv_c_compiler_gnu=yes
ac_cv_env_CC_set=
ac_cv_env_CC_value=
ac_cv_env_CFLAGS_set=
ac_cv_env_CFLAGS_value=
ac_cv_env_CPPFLAGS_set=
ac_cv_env_CPPFLAGS_value=
ac_cv_env_LDFLAGS_set=
ac_cv_env_LDFLAGS_value=
ac_cv_env_LIBS_set=
ac_cv_env_LIBS_value=
ac_cv_env_build_alias_set=
ac_cv_env_build_alias_value=
ac_cv_env_host_alias_set=
ac_cv_env_host_alias_value=
ac_cv_env_target_alias_set=
ac_cv_env_target_alias_value=
ac_cv_objext=o
ac_cv_path_GSL_CONFIG=/usr/local/bin/gsl-config
ac_cv_prog_ac_ct_CC=gcc
ac_cv_prog_cc_c89=
ac_cv_prog_cc_g=yes

## ----------------- ##
## Output variables. ##
## ----------------- ##

CC='gcc'
CFLAGS='-g -O2'
CPPFLAGS=''
DEFS='-DPACKAGE_NAME=\"JMcmprsk\" -DPACKAGE_TARNAME=\"JMcmprsk\" -DPACKAGE_VERSION=\"0.9.1\" -DPACKAGE_STRING=\"JMcmprsk\ 0.9.1\" -DPACKAGE_BUGREPORT=\"\" -DPACKAGE_URL=\"\"'
ECHO_C='\c'
ECHO_N=''
ECHO_T=''
EXEEXT=''
GSL_CFLAGS='-I/usr/local/Cellar/gsl/2.6/include'
GSL_CONFIG='/usr/local/bin/gsl-config'
GSL_LIBS='-L/usr/local/Cellar/gsl/2.6/lib -lgsl -lgslcblas'
LDFLAGS=''
LIBOBJS=''
LIBS=''
LTLIBOBJS=''
OBJEXT='o'
PACKAGE_BUGREPORT=''
PACKAGE_NAME='JMcmprsk'
PACKAGE_STRING='JMcmprsk 0.9.1'
PACKAGE_TARNAME='JMcmprsk'
PACKAGE_URL=''
PACKAGE_VERSION='0.9.1'
PATH_SEPARATOR=':'
SHELL='/bin/sh'
ac_ct_CC='gcc'
bindir='${exec_prefix}/bin'
build_alias=''
datadir='${datarootdir}'
datarootdir='${prefix}/share'
docdir='${datarootdir}/doc/${PACKAGE_TARNAME}'
dvidir='${docdir}'
exec_prefix='${prefix}'
host_alias=''
htmldir='${docdir}'
includedir='${prefix}/include'
infodir='${datarootdir}/info'
libdir='${exec_prefix}/lib'
libexecdir='${exec_prefix}/libexec'
localedir='${datarootdir}/locale'
localstatedir='${prefix}/var'
mandir='${datarootdir}/man'
oldincludedir='/usr/include'
pdfdir='${docdir}'
prefix='/usr/local'
program_transform_name='s,x,x,'
psdir='${docdir}'
sbindir='${exec_prefix}/sbin'
sharedstatedir='${prefix}/com'
sysconfdir='${prefix}/etc'
target_alias=''

## ----------- ##
## confdefs.h. ##
## ----------- ##

/* confdefs.h */
#define PACKAGE_NAME "JMcmprsk"
#define PACKAGE_TARNAME "JMcmprsk"
#define PACKAGE_VERSION "0.9.1"
#define PACKAGE_STRING "JMcmprsk 0.9.1"
#define PACKAGE_BUGREPORT ""
#define PACKAGE_URL ""

configure: exit 0
